<?xml version="1.0" encoding="UTF-8"?>
<coverage generated="1620453821492" clover="3.2.0">
  <project timestamp="1620453821492" name="All files">
    <metrics statements="63" coveredstatements="63" conditionals="45" coveredconditionals="45" methods="7" coveredmethods="7" elements="115" coveredelements="115" complexity="0" loc="63" ncloc="63" packages="1" files="2" classes="2"/>
    <file name="complexOperations.js" path="C:\Users\familia\Desktop\Curso QA\Practica 13\integration test\complexOperations.js">
      <metrics statements="47" coveredstatements="47" conditionals="45" coveredconditionals="45" methods="6" coveredmethods="6"/>
      <line num="23" count="1" type="stmt"/>
      <line num="24" count="8" type="cond" truecount="4" falsecount="0"/>
      <line num="25" count="3" type="stmt"/>
      <line num="27" count="5" type="stmt"/>
      <line num="28" count="5" type="cond" truecount="2" falsecount="0"/>
      <line num="29" count="3" type="stmt"/>
      <line num="31" count="2" type="stmt"/>
      <line num="47" count="1" type="cond" truecount="1" falsecount="0"/>
      <line num="48" count="17" type="cond" truecount="4" falsecount="0"/>
      <line num="49" count="2" type="stmt"/>
      <line num="51" count="15" type="cond" truecount="4" falsecount="0"/>
      <line num="52" count="4" type="stmt"/>
      <line num="54" count="11" type="cond" truecount="5" falsecount="0"/>
      <line num="57" count="5" type="stmt"/>
      <line num="59" count="2" type="stmt"/>
      <line num="62" count="3" type="stmt"/>
      <line num="63" count="3" type="stmt"/>
      <line num="65" count="1" type="stmt"/>
      <line num="86" count="1" type="stmt"/>
      <line num="87" count="7" type="cond" truecount="5" falsecount="0"/>
      <line num="88" count="5" type="stmt"/>
      <line num="90" count="2" type="stmt"/>
      <line num="91" count="2" type="cond" truecount="2" falsecount="0"/>
      <line num="92" count="1" type="stmt"/>
      <line num="94" count="1" type="stmt"/>
      <line num="108" count="1" type="stmt"/>
      <line num="109" count="8" type="cond" truecount="4" falsecount="0"/>
      <line num="110" count="3" type="stmt"/>
      <line num="112" count="5" type="stmt"/>
      <line num="113" count="5" type="cond" truecount="2" falsecount="0"/>
      <line num="114" count="3" type="stmt"/>
      <line num="116" count="2" type="stmt"/>
      <line num="131" count="1" type="stmt"/>
      <line num="132" count="9" type="cond" truecount="2" falsecount="0"/>
      <line num="133" count="2" type="stmt"/>
      <line num="135" count="7" type="cond" truecount="4" falsecount="0"/>
      <line num="136" count="4" type="stmt"/>
      <line num="138" count="3" type="cond" truecount="2" falsecount="0"/>
      <line num="139" count="2" type="stmt"/>
      <line num="141" count="1" type="stmt"/>
      <line num="155" count="1" type="stmt"/>
      <line num="156" count="9" type="cond" truecount="2" falsecount="0"/>
      <line num="157" count="4" type="stmt"/>
      <line num="159" count="5" type="stmt"/>
      <line num="160" count="5" type="cond" truecount="2" falsecount="0"/>
      <line num="161" count="2" type="stmt"/>
      <line num="163" count="3" type="stmt"/>
    </file>
    <file name="operations.mock.js" path="C:\Users\familia\Desktop\Curso QA\Practica 13\integration test\operations.mock.js">
      <metrics statements="16" coveredstatements="16" conditionals="0" coveredconditionals="0" methods="1" coveredmethods="1"/>
      <line num="3" count="1" type="stmt"/>
      <line num="4" count="1" type="stmt"/>
      <line num="5" count="1" type="stmt"/>
      <line num="6" count="1" type="stmt"/>
      <line num="7" count="1" type="stmt"/>
      <line num="8" count="1" type="stmt"/>
      <line num="9" count="1" type="stmt"/>
      <line num="10" count="1" type="stmt"/>
      <line num="11" count="1" type="stmt"/>
      <line num="12" count="1" type="stmt"/>
      <line num="13" count="1" type="stmt"/>
      <line num="14" count="1" type="stmt"/>
      <line num="15" count="1" type="stmt"/>
      <line num="16" count="1" type="stmt"/>
      <line num="18" count="1" type="stmt"/>
      <line num="19" count="1" type="stmt"/>
    </file>
  </project>
</coverage>
