{"C:\\Users\\familia\\Desktop\\Curso QA\\Practica 13\\integration test\\complexOperations.js": {"path":"C:\\Users\\familia\\Desktop\\Curso QA\\Practica 13\\integration test\\complexOperations.js","statementMap":{"0":{"start":{"line":23,"column":26},"end":{"line":32,"column":1}},"1":{"start":{"line":24,"column":2},"end":{"line":26,"column":3}},"2":{"start":{"line":25,"column":4},"end":{"line":25,"column":42}},"3":{"start":{"line":27,"column":23},"end":{"line":27,"column":43}},"4":{"start":{"line":28,"column":2},"end":{"line":30,"column":3}},"5":{"start":{"line":29,"column":4},"end":{"line":29,"column":34}},"6":{"start":{"line":31,"column":2},"end":{"line":31,"column":30}},"7":{"start":{"line":47,"column":29},"end":{"line":67,"column":1}},"8":{"start":{"line":48,"column":2},"end":{"line":50,"column":3}},"9":{"start":{"line":49,"column":4},"end":{"line":49,"column":40}},"10":{"start":{"line":51,"column":2},"end":{"line":53,"column":3}},"11":{"start":{"line":52,"column":4},"end":{"line":52,"column":51}},"12":{"start":{"line":54,"column":2},"end":{"line":66,"column":3}},"13":{"start":{"line":57,"column":6},"end":{"line":57,"column":38}},"14":{"start":{"line":59,"column":6},"end":{"line":59,"column":51}},"15":{"start":{"line":62,"column":20},"end":{"line":62,"column":27}},"16":{"start":{"line":63,"column":6},"end":{"line":63,"column":42}},"17":{"start":{"line":65,"column":6},"end":{"line":65,"column":42}},"18":{"start":{"line":86,"column":30},"end":{"line":95,"column":1}},"19":{"start":{"line":87,"column":2},"end":{"line":89,"column":3}},"20":{"start":{"line":88,"column":4},"end":{"line":88,"column":42}},"21":{"start":{"line":90,"column":20},"end":{"line":90,"column":41}},"22":{"start":{"line":91,"column":2},"end":{"line":93,"column":3}},"23":{"start":{"line":92,"column":4},"end":{"line":92,"column":53}},"24":{"start":{"line":94,"column":2},"end":{"line":94,"column":48}},"25":{"start":{"line":108,"column":41},"end":{"line":117,"column":1}},"26":{"start":{"line":109,"column":2},"end":{"line":111,"column":3}},"27":{"start":{"line":110,"column":4},"end":{"line":110,"column":41}},"28":{"start":{"line":112,"column":23},"end":{"line":112,"column":56}},"29":{"start":{"line":113,"column":2},"end":{"line":115,"column":3}},"30":{"start":{"line":114,"column":4},"end":{"line":114,"column":45}},"31":{"start":{"line":116,"column":2},"end":{"line":116,"column":22}},"32":{"start":{"line":131,"column":39},"end":{"line":142,"column":1}},"33":{"start":{"line":132,"column":2},"end":{"line":134,"column":3}},"34":{"start":{"line":133,"column":4},"end":{"line":133,"column":48}},"35":{"start":{"line":135,"column":2},"end":{"line":137,"column":3}},"36":{"start":{"line":136,"column":4},"end":{"line":136,"column":50}},"37":{"start":{"line":138,"column":2},"end":{"line":140,"column":3}},"38":{"start":{"line":139,"column":4},"end":{"line":139,"column":74}},"39":{"start":{"line":141,"column":2},"end":{"line":141,"column":36}},"40":{"start":{"line":155,"column":41},"end":{"line":167,"column":1}},"41":{"start":{"line":156,"column":2},"end":{"line":158,"column":3}},"42":{"start":{"line":157,"column":4},"end":{"line":157,"column":42}},"43":{"start":{"line":159,"column":29},"end":{"line":159,"column":50}},"44":{"start":{"line":160,"column":2},"end":{"line":162,"column":3}},"45":{"start":{"line":161,"column":4},"end":{"line":161,"column":48}},"46":{"start":{"line":163,"column":2},"end":{"line":166,"column":3}}},"fnMap":{"0":{"name":"(anonymous_0)","decl":{"start":{"line":23,"column":26},"end":{"line":23,"column":27}},"loc":{"start":{"line":23,"column":37},"end":{"line":32,"column":1}},"line":23},"1":{"name":"(anonymous_1)","decl":{"start":{"line":47,"column":29},"end":{"line":47,"column":30}},"loc":{"start":{"line":47,"column":63},"end":{"line":67,"column":1}},"line":47},"2":{"name":"(anonymous_2)","decl":{"start":{"line":86,"column":30},"end":{"line":86,"column":31}},"loc":{"start":{"line":86,"column":61},"end":{"line":95,"column":1}},"line":86},"3":{"name":"(anonymous_3)","decl":{"start":{"line":108,"column":41},"end":{"line":108,"column":42}},"loc":{"start":{"line":108,"column":61},"end":{"line":117,"column":1}},"line":108},"4":{"name":"(anonymous_4)","decl":{"start":{"line":131,"column":39},"end":{"line":131,"column":40}},"loc":{"start":{"line":131,"column":55},"end":{"line":142,"column":1}},"line":131},"5":{"name":"(anonymous_5)","decl":{"start":{"line":155,"column":41},"end":{"line":155,"column":42}},"loc":{"start":{"line":155,"column":52},"end":{"line":167,"column":1}},"line":155}},"branchMap":{"0":{"loc":{"start":{"line":24,"column":2},"end":{"line":26,"column":3}},"type":"if","locations":[{"start":{"line":24,"column":2},"end":{"line":26,"column":3}},{"start":{"line":24,"column":2},"end":{"line":26,"column":3}}],"line":24},"1":{"loc":{"start":{"line":24,"column":6},"end":{"line":24,"column":32}},"type":"binary-expr","locations":[{"start":{"line":24,"column":6},"end":{"line":24,"column":12}},{"start":{"line":24,"column":16},"end":{"line":24,"column":32}}],"line":24},"2":{"loc":{"start":{"line":28,"column":2},"end":{"line":30,"column":3}},"type":"if","locations":[{"start":{"line":28,"column":2},"end":{"line":30,"column":3}},{"start":{"line":28,"column":2},"end":{"line":30,"column":3}}],"line":28},"3":{"loc":{"start":{"line":47,"column":47},"end":{"line":47,"column":58}},"type":"default-arg","locations":[{"start":{"line":47,"column":57},"end":{"line":47,"column":58}}],"line":47},"4":{"loc":{"start":{"line":48,"column":2},"end":{"line":50,"column":3}},"type":"if","locations":[{"start":{"line":48,"column":2},"end":{"line":50,"column":3}},{"start":{"line":48,"column":2},"end":{"line":50,"column":3}}],"line":48},"5":{"loc":{"start":{"line":48,"column":6},"end":{"line":48,"column":43}},"type":"binary-expr","locations":[{"start":{"line":48,"column":6},"end":{"line":48,"column":13}},{"start":{"line":48,"column":17},"end":{"line":48,"column":43}}],"line":48},"6":{"loc":{"start":{"line":51,"column":2},"end":{"line":53,"column":3}},"type":"if","locations":[{"start":{"line":51,"column":2},"end":{"line":53,"column":3}},{"start":{"line":51,"column":2},"end":{"line":53,"column":3}}],"line":51},"7":{"loc":{"start":{"line":51,"column":6},"end":{"line":51,"column":46}},"type":"binary-expr","locations":[{"start":{"line":51,"column":6},"end":{"line":51,"column":24}},{"start":{"line":51,"column":28},"end":{"line":51,"column":46}}],"line":51},"8":{"loc":{"start":{"line":54,"column":2},"end":{"line":66,"column":3}},"type":"switch","locations":[{"start":{"line":55,"column":4},"end":{"line":55,"column":21}},{"start":{"line":56,"column":4},"end":{"line":57,"column":38}},{"start":{"line":58,"column":4},"end":{"line":59,"column":51}},{"start":{"line":60,"column":4},"end":{"line":63,"column":42}},{"start":{"line":64,"column":4},"end":{"line":65,"column":42}}],"line":54},"9":{"loc":{"start":{"line":87,"column":2},"end":{"line":89,"column":3}},"type":"if","locations":[{"start":{"line":87,"column":2},"end":{"line":89,"column":3}},{"start":{"line":87,"column":2},"end":{"line":89,"column":3}}],"line":87},"10":{"loc":{"start":{"line":87,"column":6},"end":{"line":87,"column":68}},"type":"binary-expr","locations":[{"start":{"line":87,"column":6},"end":{"line":87,"column":24}},{"start":{"line":87,"column":28},"end":{"line":87,"column":46}},{"start":{"line":87,"column":50},"end":{"line":87,"column":68}}],"line":87},"11":{"loc":{"start":{"line":91,"column":2},"end":{"line":93,"column":3}},"type":"if","locations":[{"start":{"line":91,"column":2},"end":{"line":93,"column":3}},{"start":{"line":91,"column":2},"end":{"line":93,"column":3}}],"line":91},"12":{"loc":{"start":{"line":109,"column":2},"end":{"line":111,"column":3}},"type":"if","locations":[{"start":{"line":109,"column":2},"end":{"line":111,"column":3}},{"start":{"line":109,"column":2},"end":{"line":111,"column":3}}],"line":109},"13":{"loc":{"start":{"line":109,"column":6},"end":{"line":109,"column":42}},"type":"binary-expr","locations":[{"start":{"line":109,"column":6},"end":{"line":109,"column":22}},{"start":{"line":109,"column":26},"end":{"line":109,"column":42}}],"line":109},"14":{"loc":{"start":{"line":113,"column":2},"end":{"line":115,"column":3}},"type":"if","locations":[{"start":{"line":113,"column":2},"end":{"line":115,"column":3}},{"start":{"line":113,"column":2},"end":{"line":115,"column":3}}],"line":113},"15":{"loc":{"start":{"line":132,"column":2},"end":{"line":134,"column":3}},"type":"if","locations":[{"start":{"line":132,"column":2},"end":{"line":134,"column":3}},{"start":{"line":132,"column":2},"end":{"line":134,"column":3}}],"line":132},"16":{"loc":{"start":{"line":135,"column":2},"end":{"line":137,"column":3}},"type":"if","locations":[{"start":{"line":135,"column":2},"end":{"line":137,"column":3}},{"start":{"line":135,"column":2},"end":{"line":137,"column":3}}],"line":135},"17":{"loc":{"start":{"line":135,"column":6},"end":{"line":135,"column":28}},"type":"binary-expr","locations":[{"start":{"line":135,"column":6},"end":{"line":135,"column":10}},{"start":{"line":135,"column":14},"end":{"line":135,"column":28}}],"line":135},"18":{"loc":{"start":{"line":138,"column":2},"end":{"line":140,"column":3}},"type":"if","locations":[{"start":{"line":138,"column":2},"end":{"line":140,"column":3}},{"start":{"line":138,"column":2},"end":{"line":140,"column":3}}],"line":138},"19":{"loc":{"start":{"line":156,"column":2},"end":{"line":158,"column":3}},"type":"if","locations":[{"start":{"line":156,"column":2},"end":{"line":158,"column":3}},{"start":{"line":156,"column":2},"end":{"line":158,"column":3}}],"line":156},"20":{"loc":{"start":{"line":160,"column":2},"end":{"line":162,"column":3}},"type":"if","locations":[{"start":{"line":160,"column":2},"end":{"line":162,"column":3}},{"start":{"line":160,"column":2},"end":{"line":162,"column":3}}],"line":160}},"s":{"0":1,"1":8,"2":3,"3":5,"4":5,"5":3,"6":2,"7":1,"8":17,"9":2,"10":15,"11":4,"12":11,"13":5,"14":2,"15":3,"16":3,"17":1,"18":1,"19":7,"20":5,"21":2,"22":2,"23":1,"24":1,"25":1,"26":8,"27":3,"28":5,"29":5,"30":3,"31":2,"32":1,"33":9,"34":2,"35":7,"36":4,"37":3,"38":2,"39":1,"40":1,"41":9,"42":4,"43":5,"44":5,"45":2,"46":3},"f":{"0":8,"1":17,"2":7,"3":8,"4":9,"5":9},"b":{"0":[3,5],"1":[8,6],"2":[3,2],"3":[9],"4":[2,15],"5":[17,15],"6":[4,11],"7":[15,11],"8":[1,5,2,3,1],"9":[5,2],"10":[7,2,2],"11":[1,1],"12":[3,5],"13":[8,5],"14":[3,2],"15":[2,7],"16":[4,3],"17":[7,5],"18":[2,1],"19":[4,5],"20":[2,3]},"_coverageSchema":"1a1c01bbd47fc00a2c39e90264f33305004495a9","hash":"1aa2dc6d11102c1ac41fdc00345bd56422becefb"}
,"C:\\Users\\familia\\Desktop\\Curso QA\\Practica 13\\integration test\\operations.mock.js": {"path":"C:\\Users\\familia\\Desktop\\Curso QA\\Practica 13\\integration test\\operations.mock.js","statementMap":{"0":{"start":{"line":3,"column":15},"end":{"line":3,"column":46}},"1":{"start":{"line":4,"column":14},"end":{"line":4,"column":45}},"2":{"start":{"line":5,"column":15},"end":{"line":5,"column":46}},"3":{"start":{"line":6,"column":20},"end":{"line":6,"column":51}},"4":{"start":{"line":7,"column":10},"end":{"line":7,"column":39}},"5":{"start":{"line":8,"column":13},"end":{"line":8,"column":42}},"6":{"start":{"line":9,"column":15},"end":{"line":9,"column":44}},"7":{"start":{"line":10,"column":15},"end":{"line":10,"column":43}},"8":{"start":{"line":11,"column":24},"end":{"line":11,"column":55}},"9":{"start":{"line":12,"column":36},"end":{"line":12,"column":67}},"10":{"start":{"line":13,"column":24},"end":{"line":13,"column":59}},"11":{"start":{"line":14,"column":21},"end":{"line":14,"column":49}},"12":{"start":{"line":15,"column":30},"end":{"line":15,"column":66}},"13":{"start":{"line":16,"column":29},"end":{"line":16,"column":65}},"14":{"start":{"line":18,"column":17},"end":{"line":35,"column":2}},"15":{"start":{"line":19,"column":2},"end":{"line":34,"column":3}}},"fnMap":{"0":{"name":"(anonymous_0)","decl":{"start":{"line":18,"column":51},"end":{"line":18,"column":52}},"loc":{"start":{"line":18,"column":57},"end":{"line":35,"column":1}},"line":18}},"branchMap":{},"s":{"0":1,"1":1,"2":1,"3":1,"4":1,"5":1,"6":1,"7":1,"8":1,"9":1,"10":1,"11":1,"12":1,"13":1,"14":1,"15":1},"f":{"0":1},"b":{},"_coverageSchema":"1a1c01bbd47fc00a2c39e90264f33305004495a9","hash":"2de3209439815ce58de02796344ee7626fefc423"}
}
