TN:
SF:complexOperations.js
FN:23,(anonymous_0)
FN:47,(anonymous_1)
FN:86,(anonymous_2)
FN:108,(anonymous_3)
FN:131,(anonymous_4)
FN:155,(anonymous_5)
FNF:6
FNH:6
FNDA:8,(anonymous_0)
FNDA:17,(anonymous_1)
FNDA:7,(anonymous_2)
FNDA:8,(anonymous_3)
FNDA:9,(anonymous_4)
FNDA:9,(anonymous_5)
DA:23,1
DA:24,8
DA:25,3
DA:27,5
DA:28,5
DA:29,3
DA:31,2
DA:47,1
DA:48,17
DA:49,2
DA:51,15
DA:52,4
DA:54,11
DA:57,5
DA:59,2
DA:62,3
DA:63,3
DA:65,1
DA:86,1
DA:87,7
DA:88,5
DA:90,2
DA:91,2
DA:92,1
DA:94,1
DA:108,1
DA:109,8
DA:110,3
DA:112,5
DA:113,5
DA:114,3
DA:116,2
DA:131,1
DA:132,9
DA:133,2
DA:135,7
DA:136,4
DA:138,3
DA:139,2
DA:141,1
DA:155,1
DA:156,9
DA:157,4
DA:159,5
DA:160,5
DA:161,2
DA:163,3
LF:47
LH:47
BRDA:24,0,0,3
BRDA:24,0,1,5
BRDA:24,1,0,8
BRDA:24,1,1,6
BRDA:28,2,0,3
BRDA:28,2,1,2
BRDA:47,3,0,9
BRDA:48,4,0,2
BRDA:48,4,1,15
BRDA:48,5,0,17
BRDA:48,5,1,15
BRDA:51,6,0,4
BRDA:51,6,1,11
BRDA:51,7,0,15
BRDA:51,7,1,11
BRDA:54,8,0,1
BRDA:54,8,1,5
BRDA:54,8,2,2
BRDA:54,8,3,3
BRDA:54,8,4,1
BRDA:87,9,0,5
BRDA:87,9,1,2
BRDA:87,10,0,7
BRDA:87,10,1,2
BRDA:87,10,2,2
BRDA:91,11,0,1
BRDA:91,11,1,1
BRDA:109,12,0,3
BRDA:109,12,1,5
BRDA:109,13,0,8
BRDA:109,13,1,5
BRDA:113,14,0,3
BRDA:113,14,1,2
BRDA:132,15,0,2
BRDA:132,15,1,7
BRDA:135,16,0,4
BRDA:135,16,1,3
BRDA:135,17,0,7
BRDA:135,17,1,5
BRDA:138,18,0,2
BRDA:138,18,1,1
BRDA:156,19,0,4
BRDA:156,19,1,5
BRDA:160,20,0,2
BRDA:160,20,1,3
BRF:45
BRH:45
end_of_record
TN:
SF:operations.mock.js
FN:18,(anonymous_0)
FNF:1
FNH:1
FNDA:1,(anonymous_0)
DA:3,1
DA:4,1
DA:5,1
DA:6,1
DA:7,1
DA:8,1
DA:9,1
DA:10,1
DA:11,1
DA:12,1
DA:13,1
DA:14,1
DA:15,1
DA:16,1
DA:18,1
DA:19,1
LF:16
LH:16
BRF:0
BRH:0
end_of_record
